#
# There is insufficient memory for the Java Runtime Environment to continue.
# Native memory allocation (mmap) failed to map 266338304 bytes for Failed to commit area from 0x0000000703600000 to 0x0000000713400000 of length 266338304.
# Possible reasons:
#   The system is out of physical RAM or swap space
#   The process is running with CompressedOops enabled, and the Java Heap may be blocking the growth of the native heap
# Possible solutions:
#   Reduce memory load on the system
#   Increase physical memory or swap space
#   Check if swap backing store is full
#   Decrease Java heap size (-Xmx/-Xms)
#   Decrease number of Java threads
#   Decrease Java thread stack sizes (-Xss)
#   Set larger code cache with -XX:ReservedCodeCacheSize=
# This output file may be truncated or incomplete.
#
#  Out of Memory Error (./src/hotspot/os/windows/os_windows.cpp:3521), pid=5476, tid=8604
#
# JRE version:  (11.0.12+7) (build )
# Java VM: OpenJDK 64-Bit Server VM (11.0.12+7-b1504.40, mixed mode, sharing, tiered, compressed oops, g1 gc, windows-amd64)
# No core dump will be written. Minidumps are not enabled by default on client versions of Windows
#

---------------  S U M M A R Y ------------

Command Line: git4idea.http.GitAskPassApp Username for 'https://github.com': 

Host: Intel(R) Core(TM) i5-10400 CPU @ 2.90GHz, 12 cores, 15G,  Windows 10 , 64 bit Build 19041 (10.0.19041.1202)
Time: Fri Oct 29 18:08:33 2021 中国标准时间 elapsed time: 0.078856 seconds (0d 0h 0m 0s)

---------------  T H R E A D  ---------------

Current thread (0x00000151a53cd000):  JavaThread "Unknown thread" [_thread_in_vm, id=8604, stack(0x0000003e12700000,0x0000003e12800000)]

Stack: [0x0000003e12700000,0x0000003e12800000]
Native frames: (J=compiled Java code, j=interpreted, Vv=VM code, C=native code)
V  [jvm.dll+0x5ff40a]
V  [jvm.dll+0x783b65]
V  [jvm.dll+0x78517d]
V  [jvm.dll+0x785833]
V  [jvm.dll+0x249408]
V  [jvm.dll+0x5fc7f4]
V  [jvm.dll+0x5f13c5]
V  [jvm.dll+0x3076bb]
V  [jvm.dll+0x30762a]
V  [jvm.dll+0x307502]
V  [jvm.dll+0x30c466]
V  [jvm.dll+0x355543]
V  [jvm.dll+0x355c46]
V  [jvm.dll+0x355643]
V  [jvm.dll+0x2e2018]
V  [jvm.dll+0x2e31c7]
V  [jvm.dll+0x761f57]
V  [jvm.dll+0x76374c]
V  [jvm.dll+0x362ab9]
V  [jvm.dll+0x7455be]
V  [jvm.dll+0x3cb673]
V  [jvm.dll+0x3cda21]
C  [jli.dll+0x536b]
C  [ucrtbase.dll+0x21bb2]
C  [KERNEL32.DLL+0x17034]
C  [ntdll.dll+0x52651]


---------------  P R O C E S S  ---------------

Threads class SMR info:
_java_thread_list=0x00000151a3251710, length=0, elements={
}

Java Threads: ( => current thread )

Other Threads:
  0x00000151a53e7800 GCTaskThread "GC Thread#0" [stack: 0x0000003e12800000,0x0000003e12900000] [id=18636]
  0x00000151a5444000 ConcurrentGCThread "G1 Main Marker" [stack: 0x0000003e12900000,0x0000003e12a00000] [id=8040]
  0x00000151a5446800 ConcurrentGCThread "G1 Conc#0" [stack: 0x0000003e12a00000,0x0000003e12b00000] [id=19944]

[error occurred during error reporting (printing all threads), id 0xc0000005, EXCEPTION_ACCESS_VIOLATION (0xc0000005) at pc=0x00007ff8962527a7]

VM state:not at safepoint (not fully initialized)

VM Mutex/Monitor currently owned by a thread:  ([mutex/lock_event])
[0x00000151a53ca530] Heap_lock - owner thread: 0x00000151a53cd000

Heap address: 0x0000000703600000, size: 4042 MB, Compressed Oops mode: Non-zero based: 0x0000000703600000
Narrow klass base: 0x0000000000000000, Narrow klass shift: 0

GC Heap History (0 events):
No events

Deoptimization events (0 events):
No events

Classes redefined (0 events):
No events

Internal exceptions (0 events):
No events

Events (1 events):
Event: 0.072 Loaded shared library D:\Program Files\PyCharm Community Edition 2021.2.3\jbr\bin\zip.dll


Dynamic libraries:
0x00007ff7e0e90000 - 0x00007ff7e0e9a000 	D:\Program Files\PyCharm Community Edition 2021.2.3\jbr\bin\java.exe
0x00007ff8f7f50000 - 0x00007ff8f8145000 	C:\Windows\SYSTEM32\ntdll.dll
0x00007ff8f6890000 - 0x00007ff8f694e000 	C:\Windows\System32\KERNEL32.DLL
0x00007ff8f5ca0000 - 0x00007ff8f5f69000 	C:\Windows\System32\KERNELBASE.dll
0x00007ff8f5ba0000 - 0x00007ff8f5ca0000 	C:\Windows\System32\ucrtbase.dll
0x00007ff8e72a0000 - 0x00007ff8e72b9000 	D:\Program Files\PyCharm Community Edition 2021.2.3\jbr\bin\jli.dll
0x00007ff8f60f0000 - 0x00007ff8f6291000 	C:\Windows\System32\USER32.dll
0x00007ff8f5a70000 - 0x00007ff8f5a92000 	C:\Windows\System32\win32u.dll
0x00007ff8d9f70000 - 0x00007ff8da20a000 	C:\Windows\WinSxS\amd64_microsoft.windows.common-controls_6595b64144ccf1df_6.0.19041.1110_none_60b5254171f9507e\COMCTL32.dll
0x00007ff8f5fd0000 - 0x00007ff8f5ffb000 	C:\Windows\System32\GDI32.dll
0x00007ff8f6eb0000 - 0x00007ff8f6f4e000 	C:\Windows\System32\msvcrt.dll
0x00007ff8f5960000 - 0x00007ff8f5a6b000 	C:\Windows\System32\gdi32full.dll
0x00007ff8f5b00000 - 0x00007ff8f5b9d000 	C:\Windows\System32\msvcp_win.dll
0x00007ff8e5b30000 - 0x00007ff8e5b47000 	D:\Program Files\PyCharm Community Edition 2021.2.3\jbr\bin\VCRUNTIME140.dll
0x00007ff8f5fa0000 - 0x00007ff8f5fd0000 	C:\Windows\System32\IMM32.DLL
0x00007ff8d1570000 - 0x00007ff8d160d000 	D:\Program Files\PyCharm Community Edition 2021.2.3\jbr\bin\msvcp140.dll
0x00007ff895f60000 - 0x00007ff896ab8000 	D:\Program Files\PyCharm Community Edition 2021.2.3\jbr\bin\server\jvm.dll
0x00007ff8f7cd0000 - 0x00007ff8f7d7c000 	C:\Windows\System32\ADVAPI32.dll
0x00007ff8f73d0000 - 0x00007ff8f746b000 	C:\Windows\System32\sechost.dll
0x00007ff8f6d80000 - 0x00007ff8f6eaa000 	C:\Windows\System32\RPCRT4.dll
0x00007ff8f60e0000 - 0x00007ff8f60e8000 	C:\Windows\System32\PSAPI.DLL
0x00007ff8dd890000 - 0x00007ff8dd8b7000 	C:\Windows\SYSTEM32\WINMM.dll
0x00007ff8efcb0000 - 0x00007ff8efcba000 	C:\Windows\SYSTEM32\VERSION.dll
0x00007ff8f0590000 - 0x00007ff8f0599000 	C:\Windows\SYSTEM32\WSOCK32.dll
0x00007ff8f7d80000 - 0x00007ff8f7deb000 	C:\Windows\System32\WS2_32.dll
0x00007ff8f34b0000 - 0x00007ff8f34c2000 	C:\Windows\SYSTEM32\kernel.appcore.dll
0x00007ff8de1b0000 - 0x00007ff8de1c1000 	D:\Program Files\PyCharm Community Edition 2021.2.3\jbr\bin\verify.dll
0x00007ff8efec0000 - 0x00007ff8f00a4000 	C:\Windows\SYSTEM32\DBGHELP.DLL
0x00007ff8efb00000 - 0x00007ff8efb2c000 	C:\Windows\SYSTEM32\dbgcore.DLL
0x00007ff8f5670000 - 0x00007ff8f56f3000 	C:\Windows\System32\bcryptPrimitives.dll
0x00007ff8dc690000 - 0x00007ff8dc6b9000 	D:\Program Files\PyCharm Community Edition 2021.2.3\jbr\bin\java.dll
0x00007ff8efda0000 - 0x00007ff8efdab000 	D:\Program Files\PyCharm Community Edition 2021.2.3\jbr\bin\jimage.dll
0x00007ff8dd8c0000 - 0x00007ff8dd8d8000 	D:\Program Files\PyCharm Community Edition 2021.2.3\jbr\bin\zip.dll

dbghelp: loaded successfully - version: 4.0.5 - missing functions: none
symbol engine: initialized successfully - sym options: 0x614 - pdb path: .;D:\Program Files\PyCharm Community Edition 2021.2.3\jbr\bin;C:\Windows\SYSTEM32;C:\Windows\WinSxS\amd64_microsoft.windows.common-controls_6595b64144ccf1df_6.0.19041.1110_none_60b5254171f9507e;D:\Program Files\PyCharm Community Edition 2021.2.3\jbr\bin\server

VM Arguments:
java_command: git4idea.http.GitAskPassApp Username for 'https://github.com': 
java_class_path (initial): D:/Program Files/PyCharm Community Edition 2021.2.3/plugins/git4idea/lib/git4idea-rt.jar;D:/Program Files/PyCharm Community Edition 2021.2.3/lib/3rd-party.jar
Launcher Type: SUN_STANDARD

[Global flags]
     intx CICompilerCount                          = 4                                         {product} {ergonomic}
     uint ConcGCThreads                            = 3                                         {product} {ergonomic}
     uint G1ConcRefinementThreads                  = 10                                        {product} {ergonomic}
   size_t G1HeapRegionSize                         = 1048576                                   {product} {ergonomic}
    uintx GCDrainStackTargetSize                   = 64                                        {product} {ergonomic}
   size_t InitialHeapSize                          = 266338304                                 {product} {ergonomic}
   size_t MarkStackSize                            = 4194304                                   {product} {ergonomic}
   size_t MaxHeapSize                              = 4238344192                                {product} {ergonomic}
   size_t MinHeapDeltaBytes                        = 1048576                                   {product} {ergonomic}
    uintx NonNMethodCodeHeapSize                   = 5836300                                {pd product} {ergonomic}
    uintx NonProfiledCodeHeapSize                  = 122910970                              {pd product} {ergonomic}
    uintx ProfiledCodeHeapSize                     = 122910970                              {pd product} {ergonomic}
    uintx ReservedCodeCacheSize                    = 251658240                              {pd product} {ergonomic}
     bool SegmentedCodeCache                       = true                                      {product} {ergonomic}
     bool UseCompressedClassPointers               = true                                 {lp64_product} {ergonomic}
     bool UseCompressedOops                        = true                                 {lp64_product} {ergonomic}
     bool UseG1GC                                  = true                                      {product} {ergonomic}
     bool UseLargePagesIndividualAllocation        = false                                  {pd product} {ergonomic}

Logging:
Log output configuration:
 #0: stdout all=warning uptime,level,tags
 #1: stderr all=off uptime,level,tags

Environment Variables:
JAVA_HOME=D:\Program Files\Java\jdk1.8.0_241
CLASSPATH=.;%JAVA_HOME%\lib\dt.jar;%JAVA_HOME%\lib\tools.jar
PATH=D:\Program Files\Git\mingw64\libexec\git-core;D:\Program Files\Git\mingw64\libexec\git-core;D:\Program Files\Git\mingw64\bin;D:\Program Files\Git\usr\bin;C:\Users\ASUS\bin;D:\Users\ASUS\PycharmProjects\pythonProject\venv\Scripts;C:\Windows\system32;C:\Windows;C:\Windows\System32\Wbem;C:\Windows\System32\WindowsPowerShell\v1.0;C:\Windows\System32\OpenSSH;C:\Users\ASUS\AppData\Local\Programs\Python\Python37-32\Scripts;C:\Users\ASUS\AppData\Local\Programs\Python\Python37-32;C:\Users\ASUS\AppData\Local\Microsoft\WindowsApps;D:\Program Files\PyCharm Community Edition 2021.2.3\bin;D:\WIZ-TECH\MySQL\MySQL Server 5.6\bin;D:\Program Files (x86)\NetSarang\Xshell 7;%JAVA_HOME%\bin;%JAVA_HOME%\jre\bin;D:\Program Files\Git\cmd;C:\Users\ASUS\AppData\Local\Programs\Python\Python37-32\Scripts;C:\Users\ASUS\AppData\Local\Programs\Python\Python37-32;C:\Users\ASUS\AppData\Local\Microsoft\WindowsApps;D:\Program Files\PyCharm Community Edition 2021.2.3\bin
USERNAME=ASUS
DISPLAY=:0.0
LC_ALL=en_US.UTF-8
OS=Windows_NT
PROCESSOR_IDENTIFIER=Intel64 Family 6 Model 165 Stepping 3, GenuineIntel



---------------  S Y S T E M  ---------------

OS: Windows 10 , 64 bit Build 19041 (10.0.19041.1202)
OS uptime: 6 days 18:08 hours

CPU:total 12 (initial active 12) (6 cores per cpu, 2 threads per core) family 6 model 165 stepping 3 microcode 0xe0, cmov, cx8, fxsr, mmx, sse, sse2, sse3, ssse3, sse4.1, sse4.2, popcnt, avx, avx2, aes, clmul, erms, 3dnowpref, lzcnt, ht, tsc, tscinvbit, bmi1, bmi2, adx, fma

Memory: 4k page, system-wide physical 16164M (4232M free)
TotalPageFile size 28957M (AvailPageFile size 215M)
current process WorkingSet (physical memory assigned to process): 10M, peak: 10M
current process commit charge ("private bytes"): 64M, peak: 318M

vm_info: OpenJDK 64-Bit Server VM (11.0.12+7-b1504.40) for windows-amd64 JRE (11.0.12+7-b1504.40), built on Sep 23 2021 14:38:03 by "" with MS VC++ 14.0 (VS2015)

END.
